app/build/outputs/mapping/release/mapping.txt
# compiler: R8
# compiler_version: 8.5.10
# min_api: 19
# common_typos_disable
# {"id":"com.android.tools.r8.mapping","version":"2.2"}
# pg_map_id: 1d4b40f
# pg_map_hash: SHA-256 1d4b40f089ce0b4845e1f32d356c16d7e6407ec94db1cecbd6d9482a4507e6e5
app.vercel.next14_pwa.twa.Application -> app.vercel.next14_pwa.twa.Application:
# {"id":"sourceFile","fileName":"Application.java"}
app.vercel.next14_pwa.twa.DelegationService -> app.vercel.next14_pwa.twa.DelegationService:
# {"id":"sourceFile","fileName":"DelegationService.java"}
app.vercel.next14_pwa.twa.LauncherActivity -> app.vercel.next14_pwa.twa.LauncherActivity:
# {"id":"sourceFile","fileName":"LauncherActivity.java"}
    1:1:android.net.Uri getLaunchingUrl():0:0 -> h
...
com.google.android.gms.common.internal.safeparcel.SafeParcelReader -> t.b:
# {"id":"sourceFile","fileName":"com.google.android.gms:play-services-basement@@18.1.0"}
    1:21:android.os.Bundle createBundle(android.os.Parcel,int):0:0 -> a
    1:21:int[] createIntArray(android.os.Parcel,int):0:0 -> b
    1:23:android.os.Parcelable createParcelable(android.os.Parcel,int,android.os.Parcelable$Creator):0:0 -> c
    1:21:java.lang.String createString(android.os.Parcel,int):0:0 -> d
    1:21:java.util.ArrayList createStringList(android.os.Parcel,int):0:0 -> e
    1:21:java.lang.Object[] createTypedArray(android.os.Parcel,int,android.os.Parcelable$Creator):0:0 -> f
    1:21:java.util.ArrayList createTypedList(android.os.Parcel,int,android.os.Parcelable$Creator):0:0 -> g
    1:30:void ensureAtEnd(android.os.Parcel,int):0:0 -> h
    1:2:int getFieldId(int):0:0 -> i
    2:14:boolean readBoolean(android.os.Parcel,int):0:0 -> j
    2:9:float readFloat(android.os.Parcel,int):0:0 -> k
    1:5:int readHeader(android.os.Parcel):0:0 -> l
    1:21:android.os.IBinder readIBinder(android.os.Parcel,int):0:0 -> m
    2:9:int readInt(android.os.Parcel,int):0:0 -> n
    3:10:long readLong(android.os.Parcel,int):0:0 -> o
    11:15:int readSize(android.os.Parcel,int):0:0 -> p
    1:13:void skipUnknownField(android.os.Parcel,int):0:0 -> q
    1:81:int validateObjectHeader(android.os.Parcel):0:0 -> r
    1:55:void zzb(android.os.Parcel,int,int):0:0 -> s
com.google.android.gms.common.internal.safeparcel.SafeParcelReader$ParseException -> t.b$a:
# {"id":"sourceFile","fileName":"com.google.android.gms:play-services-basement@@18.1.0"}
    1:40:void <init>(java.lang.String,android.os.Parcel):0:0 -> <init>
com.google.android.gms.common.internal.safeparcel.SafeParcelWriter -> t.c:
# {"id":"sourceFile","fileName":"com.google.android.gms:play-services-basement@@18.1.0"}
    3:7:int beginObjectHeader(android.os.Parcel):0:0 -> a
    1:4:void finishObjectHeader(android.os.Parcel,int):0:0 -> b
    2:8:void writeBoolean(android.os.Parcel,int,boolean):0:0 -> c
    6:20:void writeBundle(android.os.Parcel,int,android.os.Bundle,boolean):0:0 -> d
    2:8:void writeFloat(android.os.Parcel,int,float):0:0 -> e
    6:20:void writeIBinder(android.os.Parcel,int,android.os.IBinder,boolean):0:0 -> f
    2:8:void writeInt(android.os.Parcel,int,int):0:0 -> g
    6:20:void writeIntArray(android.os.Parcel,int,int[],boolean):0:0 -> h
    3:9:void writeLong(android.os.Parcel,int,long):0:0 -> i
    6:20:void writeParcelable(android.os.Parcel,int,android.os.Parcelable,int,boolean):0:0 -> j
    6:20:void writeString(android.os.Parcel,int,java.lang.String,boolean):0:0 -> k
    6:20:void writeStringList(android.os.Parcel,int,java.util.List,boolean):0:0 -> l
    6:38:void writeTypedArray(android.os.Parcel,int,android.os.Parcelable[],int,boolean):0:0 -> m
    6:45:void writeTypedList(android.os.Parcel,int,java.util.List,boolean):0:0 -> n
    4:15:int zza(android.os.Parcel,int):0:0 -> o
    1:18:void zzb(android.os.Parcel,int):0:0 -> p
    4:7:void zzc(android.os.Parcel,int,int):0:0 -> q
    1:31:void zzd(android.os.Parcel,android.os.Parcelable,int):0:0 -> r
com.google.android.gms.common.internal.service.zai -> u.a:
# {"id":"sourceFile","fileName":"com.google.android.gms:play-services-base@@18.1.0"}
    1:6:void <init>(android.os.IBinder):0:0 -> <init>
    1:12:void zae(com.google.android.gms.common.internal.TelemetryData):0:0 -> P
      # {"id":"com.android.tools.r8.residualsignature","signature":"(Ls/r;)V"}