app/build/outputs/mapping/release/usage.txt
app.vercel.next14_pwa.twa.R$bool
app.vercel.next14_pwa.twa.R$color
app.vercel.next14_pwa.twa.R$drawable
app.vercel.next14_pwa.twa.R$integer
app.vercel.next14_pwa.twa.R$mipmap
app.vercel.next14_pwa.twa.R$raw
app.vercel.next14_pwa.twa.R$string
app.vercel.next14_pwa.twa.R$xml
app.vercel.next14_pwa.twa.R
...
com.google.androidbrowserhelper.R$dimen
com.google.androidbrowserhelper.R$drawable:
    public static int notification_action_background
    public static int notification_bg
    public static int notification_bg_low
    public static int notification_bg_low_normal
    public static int notification_bg_low_pressed
    public static int notification_bg_normal
    public static int notification_bg_normal_pressed
    public static int notification_icon_background
    public static int notification_template_icon_bg
    public static int notification_template_icon_low_bg
    public static int notification_tile_bg
    public static int notify_panel_notification_icon_bg
    private void <init>()
com.google.androidbrowserhelper.R$id
com.google.androidbrowserhelper.R$integer
com.google.androidbrowserhelper.R$layout
com.google.androidbrowserhelper.R$string:
    public static int app_name
    public static int copy_toast_msg
    public static int fallback_menu_item_copy_link
    public static int fallback_menu_item_open_in_browser
    public static int fallback_menu_item_share_link
    public static int no_provider_toast
    public static int status_bar_notification_info_overflow
    public static int update_chrome_toast
    private void <init>()
com.google.androidbrowserhelper.R$style
com.google.androidbrowserhelper.R$styleable
com.google.androidbrowserhelper.R$xml
com.google.androidbrowserhelper.R
com.google.androidbrowserhelper.locationdelegation.BuildConfig
com.google.androidbrowserhelper.locationdelegation.LocationDelegationExtraCommandHandler:
    static final java.lang.String CHECK_LOCATION_PERMISSION_COMMAND_NAME
    private static final java.lang.String START_LOCATION_COMMAND_NAME
    private static final java.lang.String STOP_LOCATION_COMMAND_NAME
com.google.androidbrowserhelper.locationdelegation.LocationProvider:
    static final java.lang.String EXTRA_NEW_ERROR_AVAILABLE_CALLBACK
    static final java.lang.String EXTRA_NEW_LOCATION_AVAILABLE_CALLBACK
    private static final java.lang.String TAG
    abstract boolean isRunning()
com.google.androidbrowserhelper.locationdelegation.LocationProviderAndroid:
    private static final java.lang.String TAG
    boolean isRunning()
com.google.androidbrowserhelper.locationdelegation.LocationProviderGmsCore:
    private static final java.lang.String TAG
    private static final long UPDATE_INTERVAL_FAST_MS
    private static final long UPDATE_INTERVAL_MS
    boolean isRunning()
com.google.androidbrowserhelper.locationdelegation.PermissionRequestActivity:
    private static final java.lang.String EXTRA_GRANT_RESULTS
    private static final java.lang.String EXTRA_PERMISSIONS
    private static final java.lang.String EXTRA_RESULT_RECEIVER
    private static final java.lang.String LOCATION_PERMISSION_RESULT
com.google.androidbrowserhelper.locationdelegation.R$attr
com.google.androidbrowserhelper.locationdelegation.R$color
com.google.androidbrowserhelper.locationdelegation.R$dimen
com.google.androidbrowserhelper.locationdelegation.R$drawable
com.google.androidbrowserhelper.locationdelegation.R$id
com.google.androidbrowserhelper.locationdelegation.R$integer
com.google.androidbrowserhelper.locationdelegation.R$layout
com.google.androidbrowserhelper.locationdelegation.R$string
com.google.androidbrowserhelper.locationdelegation.R$style
com.google.androidbrowserhelper.locationdelegation.R$styleable
com.google.androidbrowserhelper.locationdelegation.R$xml
com.google.androidbrowserhelper.locationdelegation.R